{"C:\\Users\\user\\Desktop\\6sem\\pahin-backend\\src\\controllers\\auth.controller.js": {"path":"C:\\Users\\user\\Desktop\\6sem\\pahin-backend\\src\\controllers\\auth.controller.js","statementMap":{"0":{"start":{"line":1,"column":20},"end":{"line":1,"column":55}},"1":{"start":{"line":3,"column":17},"end":{"line":13,"column":1}},"2":{"start":{"line":4,"column":2},"end":{"line":12,"column":3}},"3":{"start":{"line":5,"column":17},"end":{"line":5,"column":53}},"4":{"start":{"line":6,"column":4},"end":{"line":6,"column":31}},"5":{"start":{"line":8,"column":4},"end":{"line":10,"column":5}},"6":{"start":{"line":9,"column":6},"end":{"line":9,"column":58}},"7":{"start":{"line":11,"column":4},"end":{"line":11,"column":49}},"8":{"start":{"line":15,"column":14},"end":{"line":22,"column":1}},"9":{"start":{"line":16,"column":2},"end":{"line":21,"column":3}},"10":{"start":{"line":17,"column":17},"end":{"line":17,"column":50}},"11":{"start":{"line":18,"column":4},"end":{"line":18,"column":31}},"12":{"start":{"line":20,"column":4},"end":{"line":20,"column":49}},"13":{"start":{"line":24,"column":15},"end":{"line":26,"column":1}},"14":{"start":{"line":25,"column":2},"end":{"line":25,"column":63}},"15":{"start":{"line":28,"column":0},"end":{"line":28,"column":45}}},"fnMap":{"0":{"name":"(anonymous_0)","decl":{"start":{"line":3,"column":17},"end":{"line":3,"column":18}},"loc":{"start":{"line":3,"column":37},"end":{"line":13,"column":1}},"line":3},"1":{"name":"(anonymous_1)","decl":{"start":{"line":15,"column":14},"end":{"line":15,"column":15}},"loc":{"start":{"line":15,"column":34},"end":{"line":22,"column":1}},"line":15},"2":{"name":"(anonymous_2)","decl":{"start":{"line":24,"column":15},"end":{"line":24,"column":16}},"loc":{"start":{"line":24,"column":29},"end":{"line":26,"column":1}},"line":24}},"branchMap":{"0":{"loc":{"start":{"line":8,"column":4},"end":{"line":10,"column":5}},"type":"if","locations":[{"start":{"line":8,"column":4},"end":{"line":10,"column":5}},{"start":{},"end":{}}],"line":8}},"s":{"0":1,"1":1,"2":3,"3":3,"4":1,"5":2,"6":1,"7":1,"8":1,"9":2,"10":2,"11":1,"12":1,"13":1,"14":1,"15":1},"f":{"0":3,"1":2,"2":1},"b":{"0":[1,1]},"_coverageSchema":"1a1c01bbd47fc00a2c39e90264f33305004495a9","hash":"afa486bb9e045e190200853849d203b2bf5896e1"}
,"C:\\Users\\user\\Desktop\\6sem\\pahin-backend\\src\\controllers\\species.controller.js": {"path":"C:\\Users\\user\\Desktop\\6sem\\pahin-backend\\src\\controllers\\species.controller.js","statementMap":{"0":{"start":{"line":1,"column":26},"end":{"line":1,"column":60}},"1":{"start":{"line":3,"column":19},"end":{"line":11,"column":1}},"2":{"start":{"line":4,"column":2},"end":{"line":10,"column":3}},"3":{"start":{"line":5,"column":20},"end":{"line":5,"column":41}},"4":{"start":{"line":6,"column":4},"end":{"line":6,"column":41}},"5":{"start":{"line":8,"column":4},"end":{"line":8,"column":46}},"6":{"start":{"line":9,"column":4},"end":{"line":9,"column":70}},"7":{"start":{"line":13,"column":0},"end":{"line":13,"column":32}}},"fnMap":{"0":{"name":"(anonymous_0)","decl":{"start":{"line":3,"column":19},"end":{"line":3,"column":20}},"loc":{"start":{"line":3,"column":39},"end":{"line":11,"column":1}},"line":3}},"branchMap":{},"s":{"0":1,"1":1,"2":2,"3":2,"4":1,"5":1,"6":1,"7":1},"f":{"0":2},"b":{},"_coverageSchema":"1a1c01bbd47fc00a2c39e90264f33305004495a9","hash":"f8cf19fb4c8fdb29074cffcefdf078f3867725c5"}
,"C:\\Users\\user\\Desktop\\6sem\\pahin-backend\\src\\controllers\\trees.controller.js": {"path":"C:\\Users\\user\\Desktop\\6sem\\pahin-backend\\src\\controllers\\trees.controller.js","statementMap":{"0":{"start":{"line":1,"column":19},"end":{"line":1,"column":49}},"1":{"start":{"line":2,"column":17},"end":{"line":2,"column":45}},"2":{"start":{"line":3,"column":20},"end":{"line":3,"column":55}},"3":{"start":{"line":5,"column":18},"end":{"line":5,"column":83}},"4":{"start":{"line":7,"column":20},"end":{"line":11,"column":2}},"5":{"start":{"line":8,"column":61},"end":{"line":8,"column":70}},"6":{"start":{"line":9,"column":17},"end":{"line":9,"column":98}},"7":{"start":{"line":10,"column":2},"end":{"line":10,"column":45}},"8":{"start":{"line":13,"column":19},"end":{"line":16,"column":2}},"9":{"start":{"line":14,"column":18},"end":{"line":14,"column":51}},"10":{"start":{"line":15,"column":2},"end":{"line":15,"column":67}},"11":{"start":{"line":18,"column":20},"end":{"line":24,"column":2}},"12":{"start":{"line":19,"column":17},"end":{"line":19,"column":27}},"13":{"start":{"line":20,"column":2},"end":{"line":20,"column":77}},"14":{"start":{"line":20,"column":27},"end":{"line":20,"column":77}},"15":{"start":{"line":21,"column":15},"end":{"line":21,"column":48}},"16":{"start":{"line":22,"column":2},"end":{"line":22,"column":55}},"17":{"start":{"line":22,"column":13},"end":{"line":22,"column":55}},"18":{"start":{"line":23,"column":2},"end":{"line":23,"column":64}},"19":{"start":{"line":26,"column":18},"end":{"line":37,"column":2}},"20":{"start":{"line":27,"column":68},"end":{"line":27,"column":76}},"21":{"start":{"line":28,"column":15},"end":{"line":35,"column":4}},"22":{"start":{"line":36,"column":2},"end":{"line":36,"column":94}},"23":{"start":{"line":39,"column":19},"end":{"line":45,"column":2}},"24":{"start":{"line":40,"column":17},"end":{"line":40,"column":27}},"25":{"start":{"line":41,"column":2},"end":{"line":41,"column":77}},"26":{"start":{"line":41,"column":27},"end":{"line":41,"column":77}},"27":{"start":{"line":42,"column":18},"end":{"line":42,"column":63}},"28":{"start":{"line":43,"column":2},"end":{"line":43,"column":83}},"29":{"start":{"line":43,"column":16},"end":{"line":43,"column":83}},"30":{"start":{"line":44,"column":2},"end":{"line":44,"column":25}},"31":{"start":{"line":47,"column":0},"end":{"line":47,"column":81}}},"fnMap":{"0":{"name":"(anonymous_0)","decl":{"start":{"line":7,"column":31},"end":{"line":7,"column":32}},"loc":{"start":{"line":7,"column":51},"end":{"line":11,"column":1}},"line":7},"1":{"name":"(anonymous_1)","decl":{"start":{"line":13,"column":30},"end":{"line":13,"column":31}},"loc":{"start":{"line":13,"column":50},"end":{"line":16,"column":1}},"line":13},"2":{"name":"(anonymous_2)","decl":{"start":{"line":18,"column":31},"end":{"line":18,"column":32}},"loc":{"start":{"line":18,"column":51},"end":{"line":24,"column":1}},"line":18},"3":{"name":"(anonymous_3)","decl":{"start":{"line":26,"column":29},"end":{"line":26,"column":30}},"loc":{"start":{"line":26,"column":49},"end":{"line":37,"column":1}},"line":26},"4":{"name":"(anonymous_4)","decl":{"start":{"line":39,"column":30},"end":{"line":39,"column":31}},"loc":{"start":{"line":39,"column":50},"end":{"line":45,"column":1}},"line":39}},"branchMap":{"0":{"loc":{"start":{"line":20,"column":2},"end":{"line":20,"column":77}},"type":"if","locations":[{"start":{"line":20,"column":2},"end":{"line":20,"column":77}},{"start":{},"end":{}}],"line":20},"1":{"loc":{"start":{"line":22,"column":2},"end":{"line":22,"column":55}},"type":"if","locations":[{"start":{"line":22,"column":2},"end":{"line":22,"column":55}},{"start":{},"end":{}}],"line":22},"2":{"loc":{"start":{"line":41,"column":2},"end":{"line":41,"column":77}},"type":"if","locations":[{"start":{"line":41,"column":2},"end":{"line":41,"column":77}},{"start":{},"end":{}}],"line":41},"3":{"loc":{"start":{"line":43,"column":2},"end":{"line":43,"column":83}},"type":"if","locations":[{"start":{"line":43,"column":2},"end":{"line":43,"column":83}},{"start":{},"end":{}}],"line":43}},"s":{"0":1,"1":1,"2":1,"3":1,"4":1,"5":1,"6":1,"7":1,"8":1,"9":1,"10":1,"11":1,"12":3,"13":3,"14":1,"15":2,"16":2,"17":1,"18":1,"19":1,"20":1,"21":1,"22":1,"23":1,"24":3,"25":3,"26":1,"27":2,"28":2,"29":1,"30":1,"31":1},"f":{"0":1,"1":1,"2":3,"3":1,"4":3},"b":{"0":[1,2],"1":[1,1],"2":[1,2],"3":[1,1]},"_coverageSchema":"1a1c01bbd47fc00a2c39e90264f33305004495a9","hash":"1d07ec6a50c158a8f6d5dfe83f07fee80cdd5bc3"}
,"C:\\Users\\user\\Desktop\\6sem\\pahin-backend\\src\\controllers\\users.controller.js": {"path":"C:\\Users\\user\\Desktop\\6sem\\pahin-backend\\src\\controllers\\users.controller.js","statementMap":{"0":{"start":{"line":1,"column":19},"end":{"line":1,"column":49}},"1":{"start":{"line":2,"column":17},"end":{"line":2,"column":45}},"2":{"start":{"line":3,"column":20},"end":{"line":3,"column":55}},"3":{"start":{"line":5,"column":18},"end":{"line":5,"column":83}},"4":{"start":{"line":8,"column":19},"end":{"line":12,"column":2}},"5":{"start":{"line":9,"column":36},"end":{"line":9,"column":44}},"6":{"start":{"line":10,"column":15},"end":{"line":10,"column":70}},"7":{"start":{"line":11,"column":2},"end":{"line":11,"column":62}},"8":{"start":{"line":15,"column":20},"end":{"line":18,"column":2}},"9":{"start":{"line":16,"column":16},"end":{"line":16,"column":47}},"10":{"start":{"line":17,"column":2},"end":{"line":17,"column":51}},"11":{"start":{"line":21,"column":20},"end":{"line":29,"column":2}},"12":{"start":{"line":22,"column":17},"end":{"line":22,"column":27}},"13":{"start":{"line":23,"column":2},"end":{"line":25,"column":3}},"14":{"start":{"line":24,"column":4},"end":{"line":24,"column":54}},"15":{"start":{"line":26,"column":15},"end":{"line":26,"column":48}},"16":{"start":{"line":27,"column":2},"end":{"line":27,"column":55}},"17":{"start":{"line":27,"column":13},"end":{"line":27,"column":55}},"18":{"start":{"line":28,"column":2},"end":{"line":28,"column":50}},"19":{"start":{"line":32,"column":19},"end":{"line":40,"column":2}},"20":{"start":{"line":33,"column":17},"end":{"line":33,"column":27}},"21":{"start":{"line":34,"column":2},"end":{"line":36,"column":3}},"22":{"start":{"line":35,"column":4},"end":{"line":35,"column":54}},"23":{"start":{"line":37,"column":18},"end":{"line":37,"column":50}},"24":{"start":{"line":38,"column":2},"end":{"line":38,"column":58}},"25":{"start":{"line":38,"column":16},"end":{"line":38,"column":58}},"26":{"start":{"line":39,"column":2},"end":{"line":39,"column":25}},"27":{"start":{"line":43,"column":14},"end":{"line":46,"column":2}},"28":{"start":{"line":44,"column":15},"end":{"line":44,"column":51}},"29":{"start":{"line":45,"column":2},"end":{"line":45,"column":50}},"30":{"start":{"line":49,"column":17},"end":{"line":53,"column":2}},"31":{"start":{"line":50,"column":53},"end":{"line":50,"column":61}},"32":{"start":{"line":51,"column":15},"end":{"line":51,"column":98}},"33":{"start":{"line":52,"column":2},"end":{"line":52,"column":50}},"34":{"start":{"line":56,"column":19},"end":{"line":59,"column":2}},"35":{"start":{"line":57,"column":16},"end":{"line":57,"column":57}},"36":{"start":{"line":58,"column":2},"end":{"line":58,"column":51}},"37":{"start":{"line":62,"column":26},"end":{"line":65,"column":2}},"38":{"start":{"line":63,"column":23},"end":{"line":63,"column":71}},"39":{"start":{"line":64,"column":2},"end":{"line":64,"column":58}},"40":{"start":{"line":67,"column":0},"end":{"line":76,"column":2}}},"fnMap":{"0":{"name":"(anonymous_0)","decl":{"start":{"line":8,"column":30},"end":{"line":8,"column":31}},"loc":{"start":{"line":8,"column":50},"end":{"line":12,"column":1}},"line":8},"1":{"name":"(anonymous_1)","decl":{"start":{"line":15,"column":31},"end":{"line":15,"column":32}},"loc":{"start":{"line":15,"column":51},"end":{"line":18,"column":1}},"line":15},"2":{"name":"(anonymous_2)","decl":{"start":{"line":21,"column":31},"end":{"line":21,"column":32}},"loc":{"start":{"line":21,"column":51},"end":{"line":29,"column":1}},"line":21},"3":{"name":"(anonymous_3)","decl":{"start":{"line":32,"column":30},"end":{"line":32,"column":31}},"loc":{"start":{"line":32,"column":50},"end":{"line":40,"column":1}},"line":32},"4":{"name":"(anonymous_4)","decl":{"start":{"line":43,"column":25},"end":{"line":43,"column":26}},"loc":{"start":{"line":43,"column":45},"end":{"line":46,"column":1}},"line":43},"5":{"name":"(anonymous_5)","decl":{"start":{"line":49,"column":28},"end":{"line":49,"column":29}},"loc":{"start":{"line":49,"column":48},"end":{"line":53,"column":1}},"line":49},"6":{"name":"(anonymous_6)","decl":{"start":{"line":56,"column":30},"end":{"line":56,"column":31}},"loc":{"start":{"line":56,"column":50},"end":{"line":59,"column":1}},"line":56},"7":{"name":"(anonymous_7)","decl":{"start":{"line":62,"column":37},"end":{"line":62,"column":38}},"loc":{"start":{"line":62,"column":57},"end":{"line":65,"column":1}},"line":62}},"branchMap":{"0":{"loc":{"start":{"line":23,"column":2},"end":{"line":25,"column":3}},"type":"if","locations":[{"start":{"line":23,"column":2},"end":{"line":25,"column":3}},{"start":{},"end":{}}],"line":23},"1":{"loc":{"start":{"line":27,"column":2},"end":{"line":27,"column":55}},"type":"if","locations":[{"start":{"line":27,"column":2},"end":{"line":27,"column":55}},{"start":{},"end":{}}],"line":27},"2":{"loc":{"start":{"line":34,"column":2},"end":{"line":36,"column":3}},"type":"if","locations":[{"start":{"line":34,"column":2},"end":{"line":36,"column":3}},{"start":{},"end":{}}],"line":34},"3":{"loc":{"start":{"line":38,"column":2},"end":{"line":38,"column":58}},"type":"if","locations":[{"start":{"line":38,"column":2},"end":{"line":38,"column":58}},{"start":{},"end":{}}],"line":38}},"s":{"0":1,"1":1,"2":1,"3":1,"4":1,"5":1,"6":1,"7":1,"8":1,"9":1,"10":1,"11":1,"12":3,"13":3,"14":1,"15":2,"16":2,"17":1,"18":1,"19":1,"20":3,"21":3,"22":1,"23":2,"24":2,"25":1,"26":1,"27":1,"28":1,"29":1,"30":1,"31":1,"32":1,"33":1,"34":1,"35":1,"36":1,"37":1,"38":1,"39":1,"40":1},"f":{"0":1,"1":1,"2":3,"3":3,"4":1,"5":1,"6":1,"7":1},"b":{"0":[1,2],"1":[1,1],"2":[1,2],"3":[1,1]},"_coverageSchema":"1a1c01bbd47fc00a2c39e90264f33305004495a9","hash":"b3d6d9378113612f50e85fefe9b98d93a82ed42a"}
,"C:\\Users\\user\\Desktop\\6sem\\pahin-backend\\src\\services\\auth.service.js": {"path":"C:\\Users\\user\\Desktop\\6sem\\pahin-backend\\src\\services\\auth.service.js","statementMap":{"0":{"start":{"line":1,"column":15},"end":{"line":1,"column":34}},"1":{"start":{"line":2,"column":12},"end":{"line":2,"column":35}},"2":{"start":{"line":3,"column":17},"end":{"line":3,"column":46}},"3":{"start":{"line":5,"column":17},"end":{"line":23,"column":1}},"4":{"start":{"line":6,"column":2},"end":{"line":8,"column":3}},"5":{"start":{"line":7,"column":4},"end":{"line":7,"column":61}},"6":{"start":{"line":9,"column":19},"end":{"line":9,"column":85}},"7":{"start":{"line":10,"column":2},"end":{"line":10,"column":71}},"8":{"start":{"line":10,"column":32},"end":{"line":10,"column":71}},"9":{"start":{"line":11,"column":17},"end":{"line":11,"column":48}},"10":{"start":{"line":12,"column":19},"end":{"line":17,"column":3}},"11":{"start":{"line":18,"column":15},"end":{"line":18,"column":22}},"12":{"start":{"line":19,"column":16},"end":{"line":21,"column":4}},"13":{"start":{"line":22,"column":2},"end":{"line":22,"column":78}},"14":{"start":{"line":25,"column":14},"end":{"line":35,"column":1}},"15":{"start":{"line":26,"column":19},"end":{"line":26,"column":84}},"16":{"start":{"line":27,"column":15},"end":{"line":27,"column":22}},"17":{"start":{"line":28,"column":2},"end":{"line":28,"column":52}},"18":{"start":{"line":28,"column":13},"end":{"line":28,"column":52}},"19":{"start":{"line":29,"column":16},"end":{"line":29,"column":61}},"20":{"start":{"line":30,"column":2},"end":{"line":30,"column":53}},"21":{"start":{"line":30,"column":14},"end":{"line":30,"column":53}},"22":{"start":{"line":31,"column":16},"end":{"line":33,"column":4}},"23":{"start":{"line":34,"column":2},"end":{"line":34,"column":78}},"24":{"start":{"line":37,"column":0},"end":{"line":37,"column":37}}},"fnMap":{"0":{"name":"(anonymous_0)","decl":{"start":{"line":5,"column":17},"end":{"line":5,"column":18}},"loc":{"start":{"line":5,"column":54},"end":{"line":23,"column":1}},"line":5},"1":{"name":"(anonymous_1)","decl":{"start":{"line":25,"column":14},"end":{"line":25,"column":15}},"loc":{"start":{"line":25,"column":45},"end":{"line":35,"column":1}},"line":25}},"branchMap":{"0":{"loc":{"start":{"line":6,"column":2},"end":{"line":8,"column":3}},"type":"if","locations":[{"start":{"line":6,"column":2},"end":{"line":8,"column":3}},{"start":{},"end":{}}],"line":6},"1":{"loc":{"start":{"line":6,"column":6},"end":{"line":6,"column":34}},"type":"binary-expr","locations":[{"start":{"line":6,"column":6},"end":{"line":6,"column":11}},{"start":{"line":6,"column":15},"end":{"line":6,"column":21}},{"start":{"line":6,"column":25},"end":{"line":6,"column":34}}],"line":6},"2":{"loc":{"start":{"line":10,"column":2},"end":{"line":10,"column":71}},"type":"if","locations":[{"start":{"line":10,"column":2},"end":{"line":10,"column":71}},{"start":{},"end":{}}],"line":10},"3":{"loc":{"start":{"line":28,"column":2},"end":{"line":28,"column":52}},"type":"if","locations":[{"start":{"line":28,"column":2},"end":{"line":28,"column":52}},{"start":{},"end":{}}],"line":28},"4":{"loc":{"start":{"line":30,"column":2},"end":{"line":30,"column":53}},"type":"if","locations":[{"start":{"line":30,"column":2},"end":{"line":30,"column":53}},{"start":{},"end":{}}],"line":30}},"s":{"0":1,"1":1,"2":1,"3":1,"4":3,"5":1,"6":2,"7":2,"8":1,"9":1,"10":1,"11":1,"12":1,"13":1,"14":1,"15":3,"16":3,"17":3,"18":1,"19":2,"20":2,"21":1,"22":1,"23":1,"24":1},"f":{"0":3,"1":3},"b":{"0":[1,2],"1":[3,2,2],"2":[1,1],"3":[1,2],"4":[1,1]},"_coverageSchema":"1a1c01bbd47fc00a2c39e90264f33305004495a9","hash":"4b6d5f1586357460df202fb21996e9c348c867c5"}
,"C:\\Users\\user\\Desktop\\6sem\\pahin-backend\\src\\services\\tree.service.js": {"path":"C:\\Users\\user\\Desktop\\6sem\\pahin-backend\\src\\services\\tree.service.js","statementMap":{"0":{"start":{"line":1,"column":18},"end":{"line":1,"column":49}},"1":{"start":{"line":2,"column":21},"end":{"line":2,"column":55}},"2":{"start":{"line":4,"column":20},"end":{"line":20,"column":1}},"3":{"start":{"line":5,"column":61},"end":{"line":5,"column":68}},"4":{"start":{"line":7,"column":16},"end":{"line":7,"column":95}},"5":{"start":{"line":9,"column":2},"end":{"line":17,"column":3}},"6":{"start":{"line":10,"column":18},"end":{"line":10,"column":83}},"7":{"start":{"line":11,"column":4},"end":{"line":16,"column":6}},"8":{"start":{"line":19,"column":2},"end":{"line":19,"column":25}},"9":{"start":{"line":22,"column":20},"end":{"line":24,"column":1}},"10":{"start":{"line":23,"column":2},"end":{"line":23,"column":42}},"11":{"start":{"line":26,"column":19},"end":{"line":28,"column":1}},"12":{"start":{"line":27,"column":2},"end":{"line":27,"column":42}},"13":{"start":{"line":30,"column":25},"end":{"line":32,"column":1}},"14":{"start":{"line":31,"column":2},"end":{"line":31,"column":50}},"15":{"start":{"line":34,"column":22},"end":{"line":36,"column":1}},"16":{"start":{"line":35,"column":2},"end":{"line":35,"column":44}},"17":{"start":{"line":38,"column":0},"end":{"line":38,"column":91}}},"fnMap":{"0":{"name":"(anonymous_0)","decl":{"start":{"line":4,"column":20},"end":{"line":4,"column":21}},"loc":{"start":{"line":4,"column":39},"end":{"line":20,"column":1}},"line":4},"1":{"name":"(anonymous_1)","decl":{"start":{"line":22,"column":20},"end":{"line":22,"column":21}},"loc":{"start":{"line":22,"column":34},"end":{"line":24,"column":1}},"line":22},"2":{"name":"(anonymous_2)","decl":{"start":{"line":26,"column":19},"end":{"line":26,"column":20}},"loc":{"start":{"line":26,"column":35},"end":{"line":28,"column":1}},"line":26},"3":{"name":"(anonymous_3)","decl":{"start":{"line":30,"column":25},"end":{"line":30,"column":26}},"loc":{"start":{"line":30,"column":43},"end":{"line":32,"column":1}},"line":30},"4":{"name":"(anonymous_4)","decl":{"start":{"line":34,"column":22},"end":{"line":34,"column":23}},"loc":{"start":{"line":34,"column":34},"end":{"line":36,"column":1}},"line":34}},"branchMap":{"0":{"loc":{"start":{"line":9,"column":2},"end":{"line":17,"column":3}},"type":"if","locations":[{"start":{"line":9,"column":2},"end":{"line":17,"column":3}},{"start":{},"end":{}}],"line":9},"1":{"loc":{"start":{"line":9,"column":6},"end":{"line":9,"column":19}},"type":"binary-expr","locations":[{"start":{"line":9,"column":6},"end":{"line":9,"column":10}},{"start":{"line":9,"column":14},"end":{"line":9,"column":19}}],"line":9}},"s":{"0":1,"1":1,"2":1,"3":2,"4":2,"5":2,"6":1,"7":1,"8":1,"9":1,"10":1,"11":1,"12":1,"13":1,"14":1,"15":1,"16":1,"17":1},"f":{"0":2,"1":1,"2":1,"3":1,"4":1},"b":{"0":[1,1],"1":[2,1]},"_coverageSchema":"1a1c01bbd47fc00a2c39e90264f33305004495a9","hash":"7d689de102f2a25ec41ff4f9f8d7e7c1a3981317"}
,"C:\\Users\\user\\Desktop\\6sem\\pahin-backend\\src\\services\\user.service.js": {"path":"C:\\Users\\user\\Desktop\\6sem\\pahin-backend\\src\\services\\user.service.js","statementMap":{"0":{"start":{"line":1,"column":18},"end":{"line":1,"column":49}},"1":{"start":{"line":2,"column":18},"end":{"line":2,"column":49}},"2":{"start":{"line":3,"column":25},"end":{"line":3,"column":63}},"3":{"start":{"line":4,"column":15},"end":{"line":4,"column":34}},"4":{"start":{"line":5,"column":17},"end":{"line":5,"column":45}},"5":{"start":{"line":7,"column":19},"end":{"line":9,"column":1}},"6":{"start":{"line":8,"column":2},"end":{"line":8,"column":42}},"7":{"start":{"line":11,"column":20},"end":{"line":13,"column":1}},"8":{"start":{"line":12,"column":2},"end":{"line":12,"column":39}},"9":{"start":{"line":15,"column":20},"end":{"line":17,"column":1}},"10":{"start":{"line":16,"column":2},"end":{"line":16,"column":42}},"11":{"start":{"line":19,"column":23},"end":{"line":21,"column":1}},"12":{"start":{"line":20,"column":2},"end":{"line":20,"column":48}},"13":{"start":{"line":23,"column":19},"end":{"line":25,"column":1}},"14":{"start":{"line":24,"column":2},"end":{"line":24,"column":40}},"15":{"start":{"line":27,"column":19},"end":{"line":29,"column":1}},"16":{"start":{"line":28,"column":2},"end":{"line":28,"column":46}},"17":{"start":{"line":31,"column":14},"end":{"line":35,"column":1}},"18":{"start":{"line":32,"column":15},"end":{"line":32,"column":55}},"19":{"start":{"line":33,"column":2},"end":{"line":33,"column":64}},"20":{"start":{"line":33,"column":13},"end":{"line":33,"column":64}},"21":{"start":{"line":34,"column":2},"end":{"line":34,"column":14}},"22":{"start":{"line":37,"column":17},"end":{"line":71,"column":1}},"23":{"start":{"line":38,"column":15},"end":{"line":38,"column":51}},"24":{"start":{"line":39,"column":2},"end":{"line":39,"column":64}},"25":{"start":{"line":39,"column":13},"end":{"line":39,"column":64}},"26":{"start":{"line":41,"column":20},"end":{"line":41,"column":33}},"27":{"start":{"line":43,"column":2},"end":{"line":54,"column":3}},"28":{"start":{"line":44,"column":4},"end":{"line":46,"column":5}},"29":{"start":{"line":45,"column":6},"end":{"line":45,"column":66}},"30":{"start":{"line":48,"column":20},"end":{"line":48,"column":72}},"31":{"start":{"line":49,"column":4},"end":{"line":51,"column":5}},"32":{"start":{"line":50,"column":6},"end":{"line":50,"column":58}},"33":{"start":{"line":53,"column":4},"end":{"line":53,"column":50}},"34":{"start":{"line":56,"column":2},"end":{"line":58,"column":3}},"35":{"start":{"line":57,"column":4},"end":{"line":57,"column":54}},"36":{"start":{"line":60,"column":18},"end":{"line":63,"column":4}},"37":{"start":{"line":65,"column":2},"end":{"line":70,"column":4}},"38":{"start":{"line":73,"column":19},"end":{"line":75,"column":1}},"39":{"start":{"line":74,"column":2},"end":{"line":74,"column":50}},"40":{"start":{"line":77,"column":26},"end":{"line":79,"column":1}},"41":{"start":{"line":78,"column":2},"end":{"line":78,"column":64}},"42":{"start":{"line":81,"column":0},"end":{"line":92,"column":2}}},"fnMap":{"0":{"name":"(anonymous_0)","decl":{"start":{"line":7,"column":19},"end":{"line":7,"column":20}},"loc":{"start":{"line":7,"column":35},"end":{"line":9,"column":1}},"line":7},"1":{"name":"(anonymous_1)","decl":{"start":{"line":11,"column":20},"end":{"line":11,"column":21}},"loc":{"start":{"line":11,"column":32},"end":{"line":13,"column":1}},"line":11},"2":{"name":"(anonymous_2)","decl":{"start":{"line":15,"column":20},"end":{"line":15,"column":21}},"loc":{"start":{"line":15,"column":34},"end":{"line":17,"column":1}},"line":15},"3":{"name":"(anonymous_3)","decl":{"start":{"line":19,"column":23},"end":{"line":19,"column":24}},"loc":{"start":{"line":19,"column":40},"end":{"line":21,"column":1}},"line":19},"4":{"name":"(anonymous_4)","decl":{"start":{"line":23,"column":19},"end":{"line":23,"column":20}},"loc":{"start":{"line":23,"column":33},"end":{"line":25,"column":1}},"line":23},"5":{"name":"(anonymous_5)","decl":{"start":{"line":27,"column":19},"end":{"line":27,"column":20}},"loc":{"start":{"line":27,"column":39},"end":{"line":29,"column":1}},"line":27},"6":{"name":"(anonymous_6)","decl":{"start":{"line":31,"column":14},"end":{"line":31,"column":15}},"loc":{"start":{"line":31,"column":32},"end":{"line":35,"column":1}},"line":31},"7":{"name":"(anonymous_7)","decl":{"start":{"line":37,"column":17},"end":{"line":37,"column":18}},"loc":{"start":{"line":37,"column":79},"end":{"line":71,"column":1}},"line":37},"8":{"name":"(anonymous_8)","decl":{"start":{"line":73,"column":19},"end":{"line":73,"column":20}},"loc":{"start":{"line":73,"column":37},"end":{"line":75,"column":1}},"line":73},"9":{"name":"(anonymous_9)","decl":{"start":{"line":77,"column":26},"end":{"line":77,"column":27}},"loc":{"start":{"line":77,"column":44},"end":{"line":79,"column":1}},"line":77}},"branchMap":{"0":{"loc":{"start":{"line":33,"column":2},"end":{"line":33,"column":64}},"type":"if","locations":[{"start":{"line":33,"column":2},"end":{"line":33,"column":64}},{"start":{},"end":{}}],"line":33},"1":{"loc":{"start":{"line":39,"column":2},"end":{"line":39,"column":64}},"type":"if","locations":[{"start":{"line":39,"column":2},"end":{"line":39,"column":64}},{"start":{},"end":{}}],"line":39},"2":{"loc":{"start":{"line":43,"column":2},"end":{"line":54,"column":3}},"type":"if","locations":[{"start":{"line":43,"column":2},"end":{"line":54,"column":3}},{"start":{},"end":{}}],"line":43},"3":{"loc":{"start":{"line":44,"column":4},"end":{"line":46,"column":5}},"type":"if","locations":[{"start":{"line":44,"column":4},"end":{"line":46,"column":5}},{"start":{},"end":{}}],"line":44},"4":{"loc":{"start":{"line":49,"column":4},"end":{"line":51,"column":5}},"type":"if","locations":[{"start":{"line":49,"column":4},"end":{"line":51,"column":5}},{"start":{},"end":{}}],"line":49},"5":{"loc":{"start":{"line":56,"column":2},"end":{"line":58,"column":3}},"type":"if","locations":[{"start":{"line":56,"column":2},"end":{"line":58,"column":3}},{"start":{},"end":{}}],"line":56},"6":{"loc":{"start":{"line":61,"column":10},"end":{"line":61,"column":47}},"type":"cond-expr","locations":[{"start":{"line":61,"column":31},"end":{"line":61,"column":35}},{"start":{"line":61,"column":38},"end":{"line":61,"column":47}}],"line":61},"7":{"loc":{"start":{"line":68,"column":11},"end":{"line":68,"column":51}},"type":"cond-expr","locations":[{"start":{"line":68,"column":33},"end":{"line":68,"column":38}},{"start":{"line":68,"column":41},"end":{"line":68,"column":51}}],"line":68}},"s":{"0":1,"1":1,"2":1,"3":1,"4":1,"5":1,"6":1,"7":1,"8":1,"9":1,"10":1,"11":1,"12":1,"13":1,"14":1,"15":1,"16":1,"17":1,"18":3,"19":3,"20":2,"21":1,"22":1,"23":5,"24":5,"25":1,"26":4,"27":4,"28":3,"29":1,"30":2,"31":2,"32":1,"33":1,"34":2,"35":1,"36":2,"37":2,"38":1,"39":1,"40":1,"41":1,"42":1},"f":{"0":1,"1":1,"2":1,"3":1,"4":1,"5":1,"6":3,"7":5,"8":1,"9":1},"b":{"0":[2,1],"1":[1,4],"2":[3,1],"3":[1,2],"4":[1,1],"5":[1,1],"6":[2,0],"7":[1,1]},"_coverageSchema":"1a1c01bbd47fc00a2c39e90264f33305004495a9","hash":"b70f2dd4d502b1a3063e8626d1a5392716774550"}
}
